#-----------------------------------------------------------
# Vivado v2018.2 (64-bit)
# SW Build 2258646 on Thu Jun 14 20:03:12 MDT 2018
# IP Build 2256618 on Thu Jun 14 22:10:49 MDT 2018
# Start of session at: Thu Mar 12 09:48:50 2020
# Process ID: 23668
# Current directory: F:/NUS_Files/CEG Files/Y1S2/EE2026/FGPA_Project/SoundDisplay
# Command line: vivado.exe -gui_launcher_event rodinguilauncherevent25236 F:\NUS_Files\CEG Files\Y1S2\EE2026\FGPA_Project\SoundDisplay\SoundDisplay.xpr
# Log file: F:/NUS_Files/CEG Files/Y1S2/EE2026/FGPA_Project/SoundDisplay/vivado.log
# Journal file: F:/NUS_Files/CEG Files/Y1S2/EE2026/FGPA_Project/SoundDisplay\vivado.jou
#-----------------------------------------------------------
start_gui
open_project {F:/NUS_Files/CEG Files/Y1S2/EE2026/FGPA_Project/SoundDisplay/SoundDisplay.xpr}
INFO: [Project 1-313] Project file moved from 'C:/Users/Christopher/Desktop/SoundDisplay' since last save.
Scanning sources...
Finished scanning sources
INFO: [IP_Flow 19-234] Refreshing IP repositories
INFO: [IP_Flow 19-1704] No user IP repositories specified
INFO: [IP_Flow 19-2313] Loaded Vivado IP repository 'C:/Xilinx/Vivado/2018.2/data/ip'.
update_compile_order -fileset sources_1
exit
INFO: [Common 17-206] Exiting Vivado at Thu Mar 12 15:31:25 2020...
