INFO: [VRFC 10-2263] Analyzing SystemVerilog file "C:/Users/Li Bozhao/source/repos/EE2026_FinalProject2020S1/SoundDisplay.srcs/sources_1/new/BadApple.v" into library xil_defaultlib
INFO: [VRFC 10-311] analyzing module BadApple
INFO: [VRFC 10-2263] Analyzing SystemVerilog file "C:/Users/Li Bozhao/source/repos/EE2026_FinalProject2020S1/SoundDisplay.srcs/sources_1/new/Graphics.v" into library xil_defaultlib
INFO: [VRFC 10-311] analyzing module OnIdleCommand
INFO: [VRFC 10-311] analyzing module OnPointCommand
INFO: [VRFC 10-311] analyzing module OnLineCommand
INFO: [VRFC 10-311] analyzing module OnCharCommand
INFO: [VRFC 10-311] analyzing module OnRectCommand
INFO: [VRFC 10-311] analyzing module OnCircleCommand
INFO: [VRFC 10-311] analyzing module OnSceneSpriteCommand
INFO: [VRFC 10-311] analyzing module OnFillRectCommand
INFO: [VRFC 10-311] analyzing module OnFillCircCommand
INFO: [VRFC 10-311] analyzing module OnSingleBranchCommand
INFO: [VRFC 10-311] analyzing module OnDoubleBranchCommand
INFO: [VRFC 10-311] analyzing module OnJumpCommand
INFO: [VRFC 10-311] analyzing module Graphics
INFO: [VRFC 10-2263] Analyzing SystemVerilog file "C:/Users/Li Bozhao/source/repos/EE2026_FinalProject2020S1/SoundDisplay.srcs/sources_1/new/GraphicsProcessingUnit.v" into library xil_defaultlib
INFO: [VRFC 10-311] analyzing module GraphicsProcessingUnit
INFO: [VRFC 10-2263] Analyzing SystemVerilog file "C:/Users/Li Bozhao/source/repos/EE2026_FinalProject2020S1/SoundDisplay.srcs/sources_1/new/MemoryBlocks.v" into library xil_defaultlib
INFO: [VRFC 10-311] analyzing module DisplayRAM
INFO: [VRFC 10-311] analyzing module CommandQueue
INFO: [VRFC 10-311] analyzing module ReadOnlyBadAppleCompressedData
INFO: [VRFC 10-311] analyzing module CharBlocks
INFO: [VRFC 10-311] analyzing module SceneSpriteBlocks
INFO: [VRFC 10-311] analyzing module AudioVisualizationSceneBuilder
INFO: [VRFC 10-311] analyzing module StartScreenSceneBuilder
INFO: [VRFC 10-311] analyzing module MazeSceneBuilder
INFO: [VRFC 10-311] analyzing module FFT_sin
INFO: [VRFC 10-311] analyzing module FFT_cos
