
*** Running vivado
    with args -log Top_Student.vds -m64 -product Vivado -mode batch -messageDb vivado.pb -notrace -source Top_Student.tcl


****** Vivado v2018.2 (64-bit)
  **** SW Build 2258646 on Thu Jun 14 20:03:12 MDT 2018
  **** IP Build 2256618 on Thu Jun 14 22:10:49 MDT 2018
    ** Copyright 1986-2018 Xilinx, Inc. All Rights Reserved.

source Top_Student.tcl -notrace
Command: synth_design -top Top_Student -part xc7a35tcpg236-1
Starting synth_design
Attempting to get a license for feature 'Synthesis' and/or device 'xc7a35t'
INFO: [Common 17-349] Got license for feature 'Synthesis' and/or device 'xc7a35t'
INFO: Launching helper process for spawning children vivado processes
INFO: Helper process launched with PID 22276 
---------------------------------------------------------------------------------
Starting RTL Elaboration : Time (s): cpu = 00:00:02 ; elapsed = 00:00:02 . Memory (MB): peak = 355.895 ; gain = 99.426
---------------------------------------------------------------------------------
INFO: [Synth 8-6157] synthesizing module 'Top_Student' [F:/NUS_Files/CEG Files/Y1S2/EE2026/FGPA_Project/SoundDisplay/SoundDisplay.srcs/sources_1/new/Top_Student.v:17]
INFO: [Synth 8-6157] synthesizing module 'Peripherals' [F:/NUS_Files/CEG Files/Y1S2/EE2026/FGPA_Project/SoundDisplay/SoundDisplay.srcs/sources_1/new/Peripherals.v:79]
INFO: [Synth 8-6157] synthesizing module 'TripleChannelClock' [F:/NUS_Files/CEG Files/Y1S2/EE2026/FGPA_Project/SoundDisplay/SoundDisplay.srcs/sources_1/new/Peripherals.v:22]
INFO: [Synth 8-6155] done synthesizing module 'TripleChannelClock' (1#1) [F:/NUS_Files/CEG Files/Y1S2/EE2026/FGPA_Project/SoundDisplay/SoundDisplay.srcs/sources_1/new/Peripherals.v:22]
INFO: [Synth 8-6157] synthesizing module 'btnDebouncer' [F:/NUS_Files/CEG Files/Y1S2/EE2026/FGPA_Project/SoundDisplay/SoundDisplay.srcs/sources_1/new/Peripherals.v:55]
INFO: [Synth 8-6157] synthesizing module 'pulser' [F:/NUS_Files/CEG Files/Y1S2/EE2026/FGPA_Project/SoundDisplay/SoundDisplay.srcs/sources_1/new/Peripherals.v:48]
INFO: [Synth 8-6157] synthesizing module 'dff' [F:/NUS_Files/CEG Files/Y1S2/EE2026/FGPA_Project/SoundDisplay/SoundDisplay.srcs/sources_1/new/Peripherals.v:43]
INFO: [Synth 8-6155] done synthesizing module 'dff' (2#1) [F:/NUS_Files/CEG Files/Y1S2/EE2026/FGPA_Project/SoundDisplay/SoundDisplay.srcs/sources_1/new/Peripherals.v:43]
INFO: [Synth 8-6155] done synthesizing module 'pulser' (3#1) [F:/NUS_Files/CEG Files/Y1S2/EE2026/FGPA_Project/SoundDisplay/SoundDisplay.srcs/sources_1/new/Peripherals.v:48]
INFO: [Synth 8-6155] done synthesizing module 'btnDebouncer' (4#1) [F:/NUS_Files/CEG Files/Y1S2/EE2026/FGPA_Project/SoundDisplay/SoundDisplay.srcs/sources_1/new/Peripherals.v:55]
INFO: [Synth 8-6155] done synthesizing module 'Peripherals' (5#1) [F:/NUS_Files/CEG Files/Y1S2/EE2026/FGPA_Project/SoundDisplay/SoundDisplay.srcs/sources_1/new/Peripherals.v:79]
INFO: [Synth 8-6157] synthesizing module 'Audio_Capture' [F:/NUS_Files/CEG Files/Y1S2/EE2026/FGPA_Project/SoundDisplay/SoundDisplay.srcs/sources_1/new/Audio_Capture.v:25]
INFO: [Synth 8-6155] done synthesizing module 'Audio_Capture' (6#1) [F:/NUS_Files/CEG Files/Y1S2/EE2026/FGPA_Project/SoundDisplay/SoundDisplay.srcs/sources_1/new/Audio_Capture.v:25]
INFO: [Synth 8-6157] synthesizing module 'B12_MUX' [F:/NUS_Files/CEG Files/Y1S2/EE2026/FGPA_Project/SoundDisplay/SoundDisplay.srcs/sources_1/new/Peripherals.v:65]
INFO: [Synth 8-6157] synthesizing module 'M21' [F:/NUS_Files/CEG Files/Y1S2/EE2026/FGPA_Project/SoundDisplay/SoundDisplay.srcs/sources_1/new/Peripherals.v:62]
INFO: [Synth 8-6155] done synthesizing module 'M21' (7#1) [F:/NUS_Files/CEG Files/Y1S2/EE2026/FGPA_Project/SoundDisplay/SoundDisplay.srcs/sources_1/new/Peripherals.v:62]
INFO: [Synth 8-6155] done synthesizing module 'B12_MUX' (8#1) [F:/NUS_Files/CEG Files/Y1S2/EE2026/FGPA_Project/SoundDisplay/SoundDisplay.srcs/sources_1/new/Peripherals.v:65]
INFO: [Synth 8-6157] synthesizing module 'Oled_Display' [F:/NUS_Files/CEG Files/Y1S2/EE2026/FGPA_Project/SoundDisplay/SoundDisplay.srcs/sources_1/new/Oled_Display.v:36]
	Parameter Width bound to: 96 - type: integer 
	Parameter Height bound to: 64 - type: integer 
	Parameter PixelCount bound to: 6144 - type: integer 
	Parameter PixelCountWidth bound to: 13 - type: integer 
	Parameter ClkFreq bound to: 6250000 - type: integer 
	Parameter FrameFreq bound to: 60 - type: integer 
	Parameter FrameDiv bound to: 104166 - type: integer 
	Parameter FrameDivWidth bound to: 17 - type: integer 
	Parameter PowerDelay bound to: 20 - type: integer 
	Parameter ResetDelay bound to: 3 - type: integer 
	Parameter VccEnDelay bound to: 20 - type: integer 
	Parameter StartupCompleteDelay bound to: 100 - type: integer 
	Parameter MaxDelay bound to: 100 - type: integer 
	Parameter MaxDelayCount bound to: 625000 - type: integer 
	Parameter StateCount bound to: 32 - type: integer 
	Parameter StateWidth bound to: 5 - type: integer 
	Parameter PowerUp bound to: 5'b00000 
	Parameter Reset bound to: 5'b00001 
	Parameter ReleaseReset bound to: 5'b00011 
	Parameter EnableDriver bound to: 5'b00010 
	Parameter DisplayOff bound to: 5'b00110 
	Parameter SetRemapDisplayFormat bound to: 5'b00111 
	Parameter SetStartLine bound to: 5'b00101 
	Parameter SetOffset bound to: 5'b00100 
	Parameter SetNormalDisplay bound to: 5'b01100 
	Parameter SetMultiplexRatio bound to: 5'b01101 
	Parameter SetMasterConfiguration bound to: 5'b01111 
	Parameter DisablePowerSave bound to: 5'b01110 
	Parameter SetPhaseAdjust bound to: 5'b01010 
	Parameter SetDisplayClock bound to: 5'b01011 
	Parameter SetSecondPrechargeA bound to: 5'b01001 
	Parameter SetSecondPrechargeB bound to: 5'b01000 
	Parameter SetSecondPrechargeC bound to: 5'b11000 
	Parameter SetPrechargeLevel bound to: 5'b11001 
	Parameter SetVCOMH bound to: 5'b11011 
	Parameter SetMasterCurrent bound to: 5'b11010 
	Parameter SetContrastA bound to: 5'b11110 
	Parameter SetContrastB bound to: 5'b11111 
	Parameter SetContrastC bound to: 5'b11101 
	Parameter DisableScrolling bound to: 5'b11100 
	Parameter ClearScreen bound to: 5'b10100 
	Parameter VccEn bound to: 5'b10101 
	Parameter DisplayOn bound to: 5'b10111 
	Parameter PrepareNextFrame bound to: 5'b10110 
	Parameter SetColAddress bound to: 5'b10010 
	Parameter SetRowAddress bound to: 5'b10011 
	Parameter WaitNextFrame bound to: 5'b10001 
	Parameter SendPixel bound to: 5'b10000 
	Parameter SpiCommandMaxWidth bound to: 40 - type: integer 
	Parameter SpiCommandBitCountWidth bound to: 6 - type: integer 
INFO: [Synth 8-226] default block is never used [F:/NUS_Files/CEG Files/Y1S2/EE2026/FGPA_Project/SoundDisplay/SoundDisplay.srcs/sources_1/new/Oled_Display.v:124]
INFO: [Synth 8-226] default block is never used [F:/NUS_Files/CEG Files/Y1S2/EE2026/FGPA_Project/SoundDisplay/SoundDisplay.srcs/sources_1/new/Oled_Display.v:201]
WARNING: [Synth 8-693] zero replication count - replication ignored [F:/NUS_Files/CEG Files/Y1S2/EE2026/FGPA_Project/SoundDisplay/SoundDisplay.srcs/sources_1/new/Oled_Display.v:349]
INFO: [Synth 8-6155] done synthesizing module 'Oled_Display' (9#1) [F:/NUS_Files/CEG Files/Y1S2/EE2026/FGPA_Project/SoundDisplay/SoundDisplay.srcs/sources_1/new/Oled_Display.v:36]
INFO: [Synth 8-6155] done synthesizing module 'Top_Student' (10#1) [F:/NUS_Files/CEG Files/Y1S2/EE2026/FGPA_Project/SoundDisplay/SoundDisplay.srcs/sources_1/new/Top_Student.v:17]
WARNING: [Synth 8-3331] design Top_Student has unconnected port JB[2]
WARNING: [Synth 8-3331] design Top_Student has unconnected port led[15]
WARNING: [Synth 8-3331] design Top_Student has unconnected port led[14]
WARNING: [Synth 8-3331] design Top_Student has unconnected port led[13]
WARNING: [Synth 8-3331] design Top_Student has unconnected port led[12]
---------------------------------------------------------------------------------
Finished RTL Elaboration : Time (s): cpu = 00:00:03 ; elapsed = 00:00:03 . Memory (MB): peak = 411.043 ; gain = 154.574
---------------------------------------------------------------------------------

Report Check Netlist: 
+------+------------------+-------+---------+-------+------------------+
|      |Item              |Errors |Warnings |Status |Description       |
+------+------------------+-------+---------+-------+------------------+
|1     |multi_driven_nets |      0|        0|Passed |Multi driven nets |
+------+------------------+-------+---------+-------+------------------+
WARNING: [Synth 8-3295] tying undriven pin ac:MISO to constant 0 [F:/NUS_Files/CEG Files/Y1S2/EE2026/FGPA_Project/SoundDisplay/SoundDisplay.srcs/sources_1/new/Top_Student.v:40]
WARNING: [Synth 8-3295] tying undriven pin led_mux:S to constant 0 [F:/NUS_Files/CEG Files/Y1S2/EE2026/FGPA_Project/SoundDisplay/SoundDisplay.srcs/sources_1/new/Top_Student.v:41]
---------------------------------------------------------------------------------
Start Handling Custom Attributes
---------------------------------------------------------------------------------
---------------------------------------------------------------------------------
Finished Handling Custom Attributes : Time (s): cpu = 00:00:03 ; elapsed = 00:00:03 . Memory (MB): peak = 411.043 ; gain = 154.574
---------------------------------------------------------------------------------
---------------------------------------------------------------------------------
Finished RTL Optimization Phase 1 : Time (s): cpu = 00:00:03 ; elapsed = 00:00:03 . Memory (MB): peak = 411.043 ; gain = 154.574
---------------------------------------------------------------------------------
INFO: [Device 21-403] Loading part xc7a35tcpg236-1
INFO: [Project 1-570] Preparing netlist for logic optimization

Processing XDC Constraints
Initializing timing engine
Parsing XDC File [F:/NUS_Files/CEG Files/Y1S2/EE2026/FGPA_Project/SoundDisplay/SoundDisplay.srcs/constrs_1/new/Basys3_Master.xdc]
Finished Parsing XDC File [F:/NUS_Files/CEG Files/Y1S2/EE2026/FGPA_Project/SoundDisplay/SoundDisplay.srcs/constrs_1/new/Basys3_Master.xdc]
INFO: [Project 1-236] Implementation specific constraints were found while reading constraint file [F:/NUS_Files/CEG Files/Y1S2/EE2026/FGPA_Project/SoundDisplay/SoundDisplay.srcs/constrs_1/new/Basys3_Master.xdc]. These constraints will be ignored for synthesis but will be used in implementation. Impacted constraints are listed in the file [.Xil/Top_Student_propImpl.xdc].
Resolution: To avoid this warning, move constraints listed in [.Xil/Top_Student_propImpl.xdc] to another XDC file and exclude this new file from synthesis with the used_in_synthesis property (File Properties dialog in GUI) and re-run elaboration/synthesis.
Completed Processing XDC Constraints

INFO: [Project 1-111] Unisim Transformation Summary:
No Unisim elements were transformed.

Constraint Validation Runtime : Time (s): cpu = 00:00:00 ; elapsed = 00:00:00.006 . Memory (MB): peak = 718.766 ; gain = 0.000
---------------------------------------------------------------------------------
Finished Constraint Validation : Time (s): cpu = 00:00:10 ; elapsed = 00:00:12 . Memory (MB): peak = 718.766 ; gain = 462.297
---------------------------------------------------------------------------------
---------------------------------------------------------------------------------
Start Loading Part and Timing Information
---------------------------------------------------------------------------------
Loading part: xc7a35tcpg236-1
---------------------------------------------------------------------------------
Finished Loading Part and Timing Information : Time (s): cpu = 00:00:10 ; elapsed = 00:00:12 . Memory (MB): peak = 718.766 ; gain = 462.297
---------------------------------------------------------------------------------
---------------------------------------------------------------------------------
Start Applying 'set_property' XDC Constraints
---------------------------------------------------------------------------------
---------------------------------------------------------------------------------
Finished applying 'set_property' XDC Constraints : Time (s): cpu = 00:00:10 ; elapsed = 00:00:12 . Memory (MB): peak = 718.766 ; gain = 462.297
---------------------------------------------------------------------------------
INFO: [Synth 8-5546] ROM "cm" won't be mapped to RAM because it is too sparse
INFO: [Synth 8-802] inferred FSM for state register 'state_reg' in module 'Oled_Display'
INFO: [Synth 8-5546] ROM "fsm_next_state0" won't be mapped to RAM because it is too sparse
INFO: [Synth 8-5544] ROM "fsm_next_state0" won't be mapped to Block RAM because address size (1) smaller than threshold (5)
INFO: [Synth 8-5546] ROM "fsm_next_state0" won't be mapped to RAM because it is too sparse
---------------------------------------------------------------------------------------------------
                   State |                     New Encoding |                Previous Encoding 
---------------------------------------------------------------------------------------------------
                 PowerUp | 00000000100000000000000000000000 |                            00000
                   Reset | 00000000000100000000000000000000 |                            00001
            ReleaseReset | 00000000000000000000100000000000 |                            00011
            EnableDriver | 00000000000000000001000000000000 |                            00010
              DisplayOff | 00000000000000000100000000000000 |                            00110
   SetRemapDisplayFormat | 00000100000000000000000000000000 |                            00111
            SetStartLine | 00001000000000000000000000000000 |                            00101
               SetOffset | 10000000000000000000000000000000 |                            00100
        SetNormalDisplay | 00000000000000000000000010000000 |                            01100
       SetMultiplexRatio | 00000000000000000000000000100000 |                            01101
  SetMasterConfiguration | 00000000000000000000000001000000 |                            01111
        DisablePowerSave | 00000000000000000000000000000100 |                            01110
          SetPhaseAdjust | 00000000000000000000000000001000 |                            01010
         SetDisplayClock | 00000000001000000000000000000000 |                            01011
     SetSecondPrechargeA | 00000000010000000000000000000000 |                            01001
     SetSecondPrechargeB | 01000000000000000000000000000000 |                            01000
     SetSecondPrechargeC | 00000010000000000000000000000000 |                            11000
       SetPrechargeLevel | 00000001000000000000000000000000 |                            11001
                SetVCOMH | 00000000000000010000000000000000 |                            11011
        SetMasterCurrent | 00000000000000100000000000000000 |                            11010
            SetContrastA | 00000000000001000000000000000000 |                            11110
            SetContrastB | 00100000000000000000000000000000 |                            11111
            SetContrastC | 00000000000000000000000000000001 |                            11101
        DisableScrolling | 00000000000000000000000000000010 |                            11100
             ClearScreen | 00000000000000000000000000010000 |                            10100
                   VccEn | 00010000000000000000000000000000 |                            10101
               DisplayOn | 00000000000010000000000000000000 |                            10111
        PrepareNextFrame | 00000000000000001000000000000000 |                            10110
           SetColAddress | 00000000000000000000010000000000 |                            10010
           SetRowAddress | 00000000000000000000000100000000 |                            10011
           WaitNextFrame | 00000000000000000000001000000000 |                            10001
               SendPixel | 00000000000000000010000000000000 |                            10000
---------------------------------------------------------------------------------------------------
INFO: [Synth 8-3354] encoded FSM with state register 'state_reg' using encoding 'one-hot' in module 'Oled_Display'
---------------------------------------------------------------------------------
Finished RTL Optimization Phase 2 : Time (s): cpu = 00:00:10 ; elapsed = 00:00:12 . Memory (MB): peak = 718.766 ; gain = 462.297
---------------------------------------------------------------------------------

Report RTL Partitions: 
+-+--------------+------------+----------+
| |RTL Partition |Replication |Instances |
+-+--------------+------------+----------+
+-+--------------+------------+----------+
---------------------------------------------------------------------------------
Start RTL Component Statistics 
---------------------------------------------------------------------------------
Detailed RTL Component Info : 
+---Adders : 
	   2 Input     17 Bit       Adders := 1     
	   2 Input      6 Bit       Adders := 1     
	   2 Input      4 Bit       Adders := 1     
+---Registers : 
	               40 Bit    Registers := 1     
	               17 Bit    Registers := 1     
	               12 Bit    Registers := 2     
	                6 Bit    Registers := 1     
	                4 Bit    Registers := 1     
	                1 Bit    Registers := 12    
+---Muxes : 
	   2 Input     40 Bit        Muxes := 3     
	  32 Input     32 Bit        Muxes := 1     
	   2 Input     32 Bit        Muxes := 2     
	  32 Input     20 Bit        Muxes := 1     
	   2 Input     17 Bit        Muxes := 1     
	  32 Input      6 Bit        Muxes := 1     
	   2 Input      6 Bit        Muxes := 1     
	   2 Input      5 Bit        Muxes := 2     
	  32 Input      5 Bit        Muxes := 2     
	   2 Input      1 Bit        Muxes := 16    
---------------------------------------------------------------------------------
Finished RTL Component Statistics 
---------------------------------------------------------------------------------
---------------------------------------------------------------------------------
Start RTL Hierarchical Component Statistics 
---------------------------------------------------------------------------------
Hierarchical RTL Component report 
Module TripleChannelClock 
Detailed RTL Component Info : 
+---Adders : 
	   2 Input      4 Bit       Adders := 1     
+---Registers : 
	                4 Bit    Registers := 1     
	                1 Bit    Registers := 1     
+---Muxes : 
	   2 Input      1 Bit        Muxes := 2     
Module dff 
Detailed RTL Component Info : 
+---Registers : 
	                1 Bit    Registers := 1     
Module Audio_Capture 
Detailed RTL Component Info : 
+---Registers : 
	               12 Bit    Registers := 2     
	                1 Bit    Registers := 1     
Module M21 
Detailed RTL Component Info : 
+---Muxes : 
	   2 Input      1 Bit        Muxes := 1     
Module Oled_Display 
Detailed RTL Component Info : 
+---Adders : 
	   2 Input     17 Bit       Adders := 1     
	   2 Input      6 Bit       Adders := 1     
+---Registers : 
	               40 Bit    Registers := 1     
	               17 Bit    Registers := 1     
	                6 Bit    Registers := 1     
+---Muxes : 
	   2 Input     40 Bit        Muxes := 3     
	  32 Input     32 Bit        Muxes := 1     
	   2 Input     32 Bit        Muxes := 2     
	  32 Input     20 Bit        Muxes := 1     
	   2 Input     17 Bit        Muxes := 1     
	  32 Input      6 Bit        Muxes := 1     
	   2 Input      6 Bit        Muxes := 1     
	   2 Input      5 Bit        Muxes := 2     
	  32 Input      5 Bit        Muxes := 2     
	   2 Input      1 Bit        Muxes := 2     
---------------------------------------------------------------------------------
Finished RTL Hierarchical Component Statistics
---------------------------------------------------------------------------------
---------------------------------------------------------------------------------
Start Part Resource Summary
---------------------------------------------------------------------------------
Part Resources:
DSPs: 90 (col length:60)
BRAMs: 100 (col length: RAMB18 60 RAMB36 30)
---------------------------------------------------------------------------------
Finished Part Resource Summary
---------------------------------------------------------------------------------
---------------------------------------------------------------------------------
Start Cross Boundary and Area Optimization
---------------------------------------------------------------------------------
Warning: Parallel synthesis criteria is not met 
INFO: [Synth 8-5546] ROM "oled/fsm_next_state0" won't be mapped to RAM because it is too sparse
INFO: [Synth 8-5546] ROM "peripherals/tcc/cm" won't be mapped to RAM because it is too sparse
INFO: [Synth 8-5546] ROM "oled/fsm_next_state0" won't be mapped to RAM because it is too sparse
WARNING: [Synth 8-3331] design Top_Student has unconnected port JB[2]
WARNING: [Synth 8-3331] design Top_Student has unconnected port led[15]
WARNING: [Synth 8-3331] design Top_Student has unconnected port led[14]
WARNING: [Synth 8-3331] design Top_Student has unconnected port led[13]
WARNING: [Synth 8-3331] design Top_Student has unconnected port led[12]
WARNING: [Synth 8-3332] Sequential element (peripherals/bd/p1/dff1/Q_reg) is unused and will be removed from module Top_Student.
WARNING: [Synth 8-3332] Sequential element (peripherals/bd/p1/dff2/Q_reg) is unused and will be removed from module Top_Student.
WARNING: [Synth 8-3332] Sequential element (peripherals/bd/p2/dff1/Q_reg) is unused and will be removed from module Top_Student.
WARNING: [Synth 8-3332] Sequential element (peripherals/bd/p2/dff2/Q_reg) is unused and will be removed from module Top_Student.
WARNING: [Synth 8-3332] Sequential element (peripherals/bd/p3/dff1/Q_reg) is unused and will be removed from module Top_Student.
WARNING: [Synth 8-3332] Sequential element (peripherals/bd/p3/dff2/Q_reg) is unused and will be removed from module Top_Student.
WARNING: [Synth 8-3332] Sequential element (peripherals/bd/p4/dff1/Q_reg) is unused and will be removed from module Top_Student.
WARNING: [Synth 8-3332] Sequential element (peripherals/bd/p4/dff2/Q_reg) is unused and will be removed from module Top_Student.
INFO: [Synth 8-3333] propagating constant 0 across sequential element (\ac/temp_reg[0] )
INFO: [Synth 8-3886] merging instance 'ac/temp_reg[1]' (FD_1) to 'ac/temp_reg[0]'
WARNING: [Synth 8-3332] Sequential element (ac/temp_reg[11]) is unused and will be removed from module Top_Student.
WARNING: [Synth 8-3332] Sequential element (ac/temp_reg[10]) is unused and will be removed from module Top_Student.
WARNING: [Synth 8-3332] Sequential element (ac/temp_reg[9]) is unused and will be removed from module Top_Student.
WARNING: [Synth 8-3332] Sequential element (ac/temp_reg[8]) is unused and will be removed from module Top_Student.
WARNING: [Synth 8-3332] Sequential element (ac/temp_reg[7]) is unused and will be removed from module Top_Student.
WARNING: [Synth 8-3332] Sequential element (ac/temp_reg[6]) is unused and will be removed from module Top_Student.
WARNING: [Synth 8-3332] Sequential element (ac/temp_reg[5]) is unused and will be removed from module Top_Student.
WARNING: [Synth 8-3332] Sequential element (ac/temp_reg[4]) is unused and will be removed from module Top_Student.
WARNING: [Synth 8-3332] Sequential element (ac/temp_reg[3]) is unused and will be removed from module Top_Student.
WARNING: [Synth 8-3332] Sequential element (ac/temp_reg[2]) is unused and will be removed from module Top_Student.
WARNING: [Synth 8-3332] Sequential element (ac/temp_reg[0]) is unused and will be removed from module Top_Student.
WARNING: [Synth 8-3332] Sequential element (ac/sample_reg[11]) is unused and will be removed from module Top_Student.
WARNING: [Synth 8-3332] Sequential element (ac/sample_reg[10]) is unused and will be removed from module Top_Student.
WARNING: [Synth 8-3332] Sequential element (ac/sample_reg[9]) is unused and will be removed from module Top_Student.
WARNING: [Synth 8-3332] Sequential element (ac/sample_reg[8]) is unused and will be removed from module Top_Student.
WARNING: [Synth 8-3332] Sequential element (ac/sample_reg[7]) is unused and will be removed from module Top_Student.
WARNING: [Synth 8-3332] Sequential element (ac/sample_reg[6]) is unused and will be removed from module Top_Student.
WARNING: [Synth 8-3332] Sequential element (ac/sample_reg[5]) is unused and will be removed from module Top_Student.
WARNING: [Synth 8-3332] Sequential element (ac/sample_reg[4]) is unused and will be removed from module Top_Student.
WARNING: [Synth 8-3332] Sequential element (ac/sample_reg[3]) is unused and will be removed from module Top_Student.
WARNING: [Synth 8-3332] Sequential element (ac/sample_reg[2]) is unused and will be removed from module Top_Student.
WARNING: [Synth 8-3332] Sequential element (ac/sample_reg[1]) is unused and will be removed from module Top_Student.
WARNING: [Synth 8-3332] Sequential element (ac/sample_reg[0]) is unused and will be removed from module Top_Student.
---------------------------------------------------------------------------------
Finished Cross Boundary and Area Optimization : Time (s): cpu = 00:00:12 ; elapsed = 00:00:14 . Memory (MB): peak = 718.766 ; gain = 462.297
---------------------------------------------------------------------------------

Report RTL Partitions: 
+-+--------------+------------+----------+
| |RTL Partition |Replication |Instances |
+-+--------------+------------+----------+
+-+--------------+------------+----------+
---------------------------------------------------------------------------------
Start Applying XDC Timing Constraints
---------------------------------------------------------------------------------
---------------------------------------------------------------------------------
Finished Applying XDC Timing Constraints : Time (s): cpu = 00:00:19 ; elapsed = 00:00:22 . Memory (MB): peak = 739.012 ; gain = 482.543
---------------------------------------------------------------------------------
---------------------------------------------------------------------------------
Start Timing Optimization
---------------------------------------------------------------------------------
---------------------------------------------------------------------------------
Finished Timing Optimization : Time (s): cpu = 00:00:21 ; elapsed = 00:00:23 . Memory (MB): peak = 784.324 ; gain = 527.855
---------------------------------------------------------------------------------

Report RTL Partitions: 
+-+--------------+------------+----------+
| |RTL Partition |Replication |Instances |
+-+--------------+------------+----------+
+-+--------------+------------+----------+
---------------------------------------------------------------------------------
Start Technology Mapping
---------------------------------------------------------------------------------
---------------------------------------------------------------------------------
Finished Technology Mapping : Time (s): cpu = 00:00:21 ; elapsed = 00:00:23 . Memory (MB): peak = 793.355 ; gain = 536.887
---------------------------------------------------------------------------------

Report RTL Partitions: 
+-+--------------+------------+----------+
| |RTL Partition |Replication |Instances |
+-+--------------+------------+----------+
+-+--------------+------------+----------+
---------------------------------------------------------------------------------
Start IO Insertion
---------------------------------------------------------------------------------
---------------------------------------------------------------------------------
Start Flattening Before IO Insertion
---------------------------------------------------------------------------------
---------------------------------------------------------------------------------
Finished Flattening Before IO Insertion
---------------------------------------------------------------------------------
---------------------------------------------------------------------------------
Start Final Netlist Cleanup
---------------------------------------------------------------------------------
---------------------------------------------------------------------------------
Finished Final Netlist Cleanup
---------------------------------------------------------------------------------
---------------------------------------------------------------------------------
Finished IO Insertion : Time (s): cpu = 00:00:22 ; elapsed = 00:00:24 . Memory (MB): peak = 793.355 ; gain = 536.887
---------------------------------------------------------------------------------

Report Check Netlist: 
+------+------------------+-------+---------+-------+------------------+
|      |Item              |Errors |Warnings |Status |Description       |
+------+------------------+-------+---------+-------+------------------+
|1     |multi_driven_nets |      0|        0|Passed |Multi driven nets |
+------+------------------+-------+---------+-------+------------------+
---------------------------------------------------------------------------------
Start Renaming Generated Instances
---------------------------------------------------------------------------------
---------------------------------------------------------------------------------
Finished Renaming Generated Instances : Time (s): cpu = 00:00:22 ; elapsed = 00:00:24 . Memory (MB): peak = 793.355 ; gain = 536.887
---------------------------------------------------------------------------------

Report RTL Partitions: 
+-+--------------+------------+----------+
| |RTL Partition |Replication |Instances |
+-+--------------+------------+----------+
+-+--------------+------------+----------+
---------------------------------------------------------------------------------
Start Rebuilding User Hierarchy
---------------------------------------------------------------------------------
---------------------------------------------------------------------------------
Finished Rebuilding User Hierarchy : Time (s): cpu = 00:00:22 ; elapsed = 00:00:24 . Memory (MB): peak = 793.355 ; gain = 536.887
---------------------------------------------------------------------------------
---------------------------------------------------------------------------------
Start Renaming Generated Ports
---------------------------------------------------------------------------------
---------------------------------------------------------------------------------
Finished Renaming Generated Ports : Time (s): cpu = 00:00:22 ; elapsed = 00:00:24 . Memory (MB): peak = 793.355 ; gain = 536.887
---------------------------------------------------------------------------------
---------------------------------------------------------------------------------
Start Handling Custom Attributes
---------------------------------------------------------------------------------
---------------------------------------------------------------------------------
Finished Handling Custom Attributes : Time (s): cpu = 00:00:22 ; elapsed = 00:00:24 . Memory (MB): peak = 793.355 ; gain = 536.887
---------------------------------------------------------------------------------
---------------------------------------------------------------------------------
Start Renaming Generated Nets
---------------------------------------------------------------------------------
---------------------------------------------------------------------------------
Finished Renaming Generated Nets : Time (s): cpu = 00:00:22 ; elapsed = 00:00:24 . Memory (MB): peak = 793.355 ; gain = 536.887
---------------------------------------------------------------------------------
---------------------------------------------------------------------------------
Start Writing Synthesis Report
---------------------------------------------------------------------------------

Report BlackBoxes: 
+-+--------------+----------+
| |BlackBox name |Instances |
+-+--------------+----------+
+-+--------------+----------+

Report Cell Usage: 
+------+-------+------+
|      |Cell   |Count |
+------+-------+------+
|1     |BUFG   |     2|
|2     |CARRY4 |    15|
|3     |LUT1   |     4|
|4     |LUT2   |    53|
|5     |LUT3   |    23|
|6     |LUT4   |    30|
|7     |LUT5   |    28|
|8     |LUT6   |   114|
|9     |FDRE   |   115|
|10    |FDRE_1 |    31|
|11    |FDSE_1 |     1|
|12    |IBUF   |     2|
|13    |OBUF   |    22|
|14    |OBUFT  |     5|
+------+-------+------+

Report Instance Areas: 
+------+--------------+-------------------+------+
|      |Instance      |Module             |Cells |
+------+--------------+-------------------+------+
|1     |top           |                   |   445|
|2     |  ac          |Audio_Capture      |    56|
|3     |  oled        |Oled_Display       |   309|
|4     |  peripherals |Peripherals        |    48|
|5     |    bd        |btnDebouncer       |     4|
|6     |      p0      |pulser             |     4|
|7     |        dff1  |dff                |     2|
|8     |        dff2  |dff_0              |     2|
|9     |    tcc       |TripleChannelClock |    44|
+------+--------------+-------------------+------+
---------------------------------------------------------------------------------
Finished Writing Synthesis Report : Time (s): cpu = 00:00:22 ; elapsed = 00:00:24 . Memory (MB): peak = 793.355 ; gain = 536.887
---------------------------------------------------------------------------------
Synthesis finished with 0 errors, 0 critical warnings and 36 warnings.
Synthesis Optimization Runtime : Time (s): cpu = 00:00:14 ; elapsed = 00:00:18 . Memory (MB): peak = 793.355 ; gain = 229.164
Synthesis Optimization Complete : Time (s): cpu = 00:00:22 ; elapsed = 00:00:24 . Memory (MB): peak = 793.355 ; gain = 536.887
INFO: [Project 1-571] Translating synthesized netlist
INFO: [Netlist 29-17] Analyzing 49 Unisim elements for replacement
INFO: [Netlist 29-28] Unisim Transformation completed in 0 CPU seconds
INFO: [Project 1-570] Preparing netlist for logic optimization
INFO: [Opt 31-138] Pushed 0 inverter(s) to 0 load pin(s).
INFO: [Project 1-111] Unisim Transformation Summary:
  A total of 32 instances were transformed.
  FDRE_1 => FDRE (inverted pins: C): 31 instances
  FDSE_1 => FDSE (inverted pins: C): 1 instances

INFO: [Common 17-83] Releasing license: Synthesis
45 Infos, 44 Warnings, 0 Critical Warnings and 0 Errors encountered.
synth_design completed successfully
synth_design: Time (s): cpu = 00:00:24 ; elapsed = 00:00:27 . Memory (MB): peak = 793.355 ; gain = 549.902
WARNING: [Constraints 18-5210] No constraint will be written out.
INFO: [Common 17-1381] The checkpoint 'F:/NUS_Files/CEG Files/Y1S2/EE2026/FGPA_Project/SoundDisplay/SoundDisplay.runs/synth_1/Top_Student.dcp' has been generated.
INFO: [runtcl-4] Executing : report_utilization -file Top_Student_utilization_synth.rpt -pb Top_Student_utilization_synth.pb
report_utilization: Time (s): cpu = 00:00:00 ; elapsed = 00:00:00.028 . Memory (MB): peak = 793.355 ; gain = 0.000
INFO: [Common 17-206] Exiting Vivado at Fri Mar 13 23:41:48 2020...
